[12-Mar-2026 23:58:48 UTC] PHP Fatal error:  Uncaught Error: Class "mysqli" not found in /home/spaarow/Documents/projects/sp-hub/asset/php/config.php:26
Stack trace:
#0 {main}
  thrown in /home/spaarow/Documents/projects/sp-hub/asset/php/config.php on line 26
[13-Mar-2026 00:10:15 UTC] PHP Fatal error:  Uncaught Error: Class "mysqli" not found in /home/spaarow/Documents/projects/sp-hub/asset/php/config.php:26
Stack trace:
#0 {main}
  thrown in /home/spaarow/Documents/projects/sp-hub/asset/php/config.php on line 26
[13-Mar-2026 00:27:15 UTC] PHP Fatal error:  Uncaught Error: Class "mysqli" not found in /home/spaarow/Documents/projects/sp-hub/asset/php/config.php:26
Stack trace:
#0 {main}
  thrown in /home/spaarow/Documents/projects/sp-hub/asset/php/config.php on line 26
[13-Mar-2026 00:27:21 UTC] PHP Fatal error:  Uncaught Error: Class "mysqli" not found in /home/spaarow/Documents/projects/sp-hub/asset/php/config.php:26
Stack trace:
#0 /home/spaarow/Documents/projects/sp-hub/asset/php/login.php(2): require_once()
#1 {main}
  thrown in /home/spaarow/Documents/projects/sp-hub/asset/php/config.php on line 26
[13-Mar-2026 00:27:25 UTC] PHP Fatal error:  Uncaught Error: Class "mysqli" not found in /home/spaarow/Documents/projects/sp-hub/asset/php/config.php:26
Stack trace:
#0 /home/spaarow/Documents/projects/sp-hub/asset/php/logout.php(2): require_once()
#1 {main}
  thrown in /home/spaarow/Documents/projects/sp-hub/asset/php/config.php on line 26
[13-Mar-2026 00:27:30 UTC] PHP Fatal error:  Uncaught Error: Class "mysqli" not found in /home/spaarow/Documents/projects/sp-hub/asset/php/config.php:26
Stack trace:
#0 /home/spaarow/Documents/projects/sp-hub/asset/php/preferences.php(2): require_once()
#1 {main}
  thrown in /home/spaarow/Documents/projects/sp-hub/asset/php/config.php on line 26
[13-Mar-2026 00:27:33 UTC] PHP Fatal error:  Uncaught Error: Class "mysqli" not found in /home/spaarow/Documents/projects/sp-hub/asset/php/config.php:26
Stack trace:
#0 /home/spaarow/Documents/projects/sp-hub/asset/php/profile.php(2): require_once()
#1 {main}
  thrown in /home/spaarow/Documents/projects/sp-hub/asset/php/config.php on line 26
[13-Mar-2026 00:27:36 UTC] PHP Fatal error:  Uncaught Error: Class "mysqli" not found in /home/spaarow/Documents/projects/sp-hub/asset/php/config.php:26
Stack trace:
#0 /home/spaarow/Documents/projects/sp-hub/asset/php/readings.php(2): require_once()
#1 {main}
  thrown in /home/spaarow/Documents/projects/sp-hub/asset/php/config.php on line 26
[13-Mar-2026 00:27:40 UTC] PHP Fatal error:  Uncaught Error: Class "mysqli" not found in /home/spaarow/Documents/projects/sp-hub/asset/php/config.php:26
Stack trace:
#0 /home/spaarow/Documents/projects/sp-hub/asset/php/register.php(2): require_once()
#1 {main}
  thrown in /home/spaarow/Documents/projects/sp-hub/asset/php/config.php on line 26
[13-Mar-2026 00:28:16 UTC] PHP Fatal error:  Uncaught Error: Class "mysqli" not found in /home/spaarow/Documents/projects/sp-hub/asset/php/config.php:26
Stack trace:
#0 {main}
  thrown in /home/spaarow/Documents/projects/sp-hub/asset/php/config.php on line 26
